<?xml version="1.0" encoding="UTF-8"?>
<testng-results skipped="0" failed="0" ignored="0" total="1" passed="1">
  <reporter-output>
  </reporter-output>
  <suite name="Suite" duration-ms="6142" started-at="2019-02-18T13:13:47Z" finished-at="2019-02-18T13:13:53Z">
    <groups>
    </groups>
    <test name="Test" duration-ms="6142" started-at="2019-02-18T13:13:47Z" finished-at="2019-02-18T13:13:53Z">
      <class name="SmokeSuite.TC_001_SmokeTest">
        <test-method status="PASS" signature="setUp()[pri:0, instance:SmokeSuite.TC_001_SmokeTest@42d80b78]" name="setUp" is-config="true" duration-ms="5428" started-at="2019-02-18T13:13:47Z" finished-at="2019-02-18T13:13:52Z">
          <reporter-output>
          </reporter-output>
        </test-method> <!-- setUp -->
        <test-method status="PASS" signature="smokeTest()[pri:0, instance:SmokeSuite.TC_001_SmokeTest@42d80b78]" name="smokeTest" duration-ms="12" started-at="2019-02-18T13:13:52Z" finished-at="2019-02-18T13:13:52Z">
          <reporter-output>
          </reporter-output>
        </test-method> <!-- smokeTest -->
        <test-method status="PASS" signature="quit()[pri:0, instance:SmokeSuite.TC_001_SmokeTest@42d80b78]" name="quit" is-config="true" duration-ms="683" started-at="2019-02-18T13:13:52Z" finished-at="2019-02-18T13:13:53Z">
          <reporter-output>
          </reporter-output>
        </test-method> <!-- quit -->
      </class> <!-- SmokeSuite.TC_001_SmokeTest -->
    </test> <!-- Test -->
  </suite> <!-- Suite -->
</testng-results>
